Prompt value: |q|
Editor action enum: |16|
Prompt value: |q|
Editor action enum: |16|
Prompt value: |q|
Editor action enum: |16|
Prompt value: |q|
Editor action enum: |16|
Prompt value: |q|
Editor action enum: |16|
Prompt value: |q|
Editor action enum: |16|

Prompt value: |qwe|
Editor action enum: |16|

Prompt value: |q|
Editor action enum: |16|
Prompt value: |:wqw|
Editor action enum: |0|
Prompt value: |q|
Editor action enum: |16|
actionBuf |:q|
actionBuf |:q|
Prompt value: |q|
Editor action enum: |16|
